<?xml version="1.0" encoding="utf-8"?><testsuites><testsuite name="pytest" errors="0" failures="0" skipped="0" tests="10" time="0.052" timestamp="2024-12-15T19:06:29.109815+01:00" hostname="Portatil-Mayca"><testcase classname="test.unit.calc_test.TestCalculate" name="test_add_method_fails_with_nan_parameter" time="0.001" /><testcase classname="test.unit.calc_test.TestCalculate" name="test_add_method_returns_correct_result" time="0.001" /><testcase classname="test.unit.calc_test.TestCalculate" name="test_add_method_returns_correct_result1" time="0.001" /><testcase classname="test.unit.calc_test.TestCalculate" name="test_divide_method_fails_with_nan_parameter" time="0.001" /><testcase classname="test.unit.calc_test.TestCalculate" name="test_divide_method_returns_correct_result" time="0.001" /><testcase classname="test.unit.calc_test.TestCalculate" name="test_multiply_method_returns_correct_result" time="0.001" /><testcase classname="test.unit.calc_test.TestCalculate" name="test_power_method_returns_correct_result" time="0.001" /><testcase classname="test.unit.calc_test.TestCalculate" name="test_substract_method_returns_correct_result" time="0.001" /><testcase classname="test.unit.util_test.TestUtil" name="test_convert_to_number_correct_param" time="0.001" /><testcase classname="test.unit.util_test.TestUtil" name="test_convert_to_number_invalid_type" time="0.001" /></testsuite></testsuites>